{"/home/jeferson/Documentos/Arbyte/rest-jest/express-mongoose/src/controllers/controller.js": {"path":"/home/jeferson/Documentos/Arbyte/rest-jest/express-mongoose/src/controllers/controller.js","statementMap":{"0":{"start":{"line":1,"column":17},"end":{"line":1,"column":36}},"1":{"start":{"line":6,"column":24},"end":{"line":13,"column":1}},"2":{"start":{"line":7,"column":4},"end":{"line":10,"column":7}},"3":{"start":{"line":12,"column":4},"end":{"line":12,"column":20}},"4":{"start":{"line":16,"column":25},"end":{"line":28,"column":1}},"5":{"start":{"line":17,"column":4},"end":{"line":19,"column":5}},"6":{"start":{"line":18,"column":8},"end":{"line":18,"column":15}},"7":{"start":{"line":21,"column":4},"end":{"line":25,"column":7}},"8":{"start":{"line":27,"column":4},"end":{"line":27,"column":39}},"9":{"start":{"line":30,"column":16},"end":{"line":42,"column":1}},"10":{"start":{"line":31,"column":21},"end":{"line":31,"column":44}},"11":{"start":{"line":33,"column":4},"end":{"line":33,"column":37}},"12":{"start":{"line":37,"column":8},"end":{"line":37,"column":23}},"13":{"start":{"line":39,"column":18},"end":{"line":39,"column":29}},"14":{"start":{"line":41,"column":4},"end":{"line":41,"column":17}},"15":{"start":{"line":44,"column":19},"end":{"line":60,"column":1}},"16":{"start":{"line":47,"column":21},"end":{"line":47,"column":44}},"17":{"start":{"line":49,"column":4},"end":{"line":49,"column":37}},"18":{"start":{"line":53,"column":8},"end":{"line":53,"column":23}},"19":{"start":{"line":55,"column":17},"end":{"line":57,"column":6}},"20":{"start":{"line":59,"column":3},"end":{"line":59,"column":22}},"21":{"start":{"line":62,"column":19},"end":{"line":80,"column":1}},"22":{"start":{"line":67,"column":21},"end":{"line":67,"column":44}},"23":{"start":{"line":69,"column":4},"end":{"line":69,"column":37}},"24":{"start":{"line":73,"column":8},"end":{"line":73,"column":23}},"25":{"start":{"line":75,"column":4},"end":{"line":79,"column":7}},"26":{"start":{"line":82,"column":19},"end":{"line":96,"column":1}},"27":{"start":{"line":85,"column":21},"end":{"line":85,"column":44}},"28":{"start":{"line":87,"column":4},"end":{"line":87,"column":37}},"29":{"start":{"line":91,"column":8},"end":{"line":91,"column":23}},"30":{"start":{"line":93,"column":4},"end":{"line":95,"column":7}},"31":{"start":{"line":98,"column":0},"end":{"line":103,"column":1}}},"fnMap":{"0":{"name":"(anonymous_0)","decl":{"start":{"line":6,"column":24},"end":{"line":6,"column":25}},"loc":{"start":{"line":6,"column":36},"end":{"line":13,"column":1}},"line":6},"1":{"name":"(anonymous_1)","decl":{"start":{"line":16,"column":25},"end":{"line":16,"column":26}},"loc":{"start":{"line":16,"column":45},"end":{"line":28,"column":1}},"line":16},"2":{"name":"(anonymous_2)","decl":{"start":{"line":30,"column":16},"end":{"line":30,"column":17}},"loc":{"start":{"line":30,"column":28},"end":{"line":42,"column":1}},"line":30},"3":{"name":"(anonymous_3)","decl":{"start":{"line":44,"column":19},"end":{"line":44,"column":20}},"loc":{"start":{"line":46,"column":6},"end":{"line":60,"column":1}},"line":46},"4":{"name":"(anonymous_4)","decl":{"start":{"line":62,"column":19},"end":{"line":62,"column":20}},"loc":{"start":{"line":66,"column":6},"end":{"line":80,"column":1}},"line":66},"5":{"name":"(anonymous_5)","decl":{"start":{"line":82,"column":19},"end":{"line":82,"column":20}},"loc":{"start":{"line":84,"column":6},"end":{"line":96,"column":1}},"line":84}},"branchMap":{"0":{"loc":{"start":{"line":17,"column":4},"end":{"line":19,"column":5}},"type":"if","locations":[{"start":{"line":17,"column":4},"end":{"line":19,"column":5}},{"start":{"line":17,"column":4},"end":{"line":19,"column":5}}],"line":17}},"s":{"0":1,"1":1,"2":1,"3":1,"4":1,"5":1,"6":0,"7":1,"8":0,"9":1,"10":1,"11":1,"12":0,"13":0,"14":0,"15":1,"16":0,"17":0,"18":0,"19":0,"20":0,"21":1,"22":0,"23":0,"24":0,"25":0,"26":1,"27":0,"28":0,"29":0,"30":0,"31":1},"f":{"0":1,"1":1,"2":1,"3":0,"4":0,"5":0},"b":{"0":[0,1]},"_coverageSchema":"1a1c01bbd47fc00a2c39e90264f33305004495a9","hash":"9b5f5e99c9bc97a7d6a2cf1012d546c4fdf8f394"}
}
