TN:
SF:src/controllers/controller.js
FN:6,(anonymous_0)
FN:16,(anonymous_1)
FN:30,(anonymous_2)
FN:44,(anonymous_3)
FN:62,(anonymous_4)
FN:82,(anonymous_5)
FNF:6
FNH:3
FNDA:1,(anonymous_0)
FNDA:1,(anonymous_1)
FNDA:1,(anonymous_2)
FNDA:0,(anonymous_3)
FNDA:0,(anonymous_4)
FNDA:0,(anonymous_5)
DA:1,1
DA:6,1
DA:7,1
DA:12,1
DA:16,1
DA:17,1
DA:18,0
DA:21,1
DA:27,0
DA:30,1
DA:31,1
DA:33,1
DA:37,0
DA:39,0
DA:41,0
DA:44,1
DA:47,0
DA:49,0
DA:53,0
DA:55,0
DA:59,0
DA:62,1
DA:67,0
DA:69,0
DA:73,0
DA:75,0
DA:82,1
DA:85,0
DA:87,0
DA:91,0
DA:93,0
DA:98,1
LF:32
LH:14
BRDA:17,0,0,0
BRDA:17,0,1,1
BRF:2
BRH:1
end_of_record
